Arguments: 
  /Users/alirezamac/.nvm/versions/node/v18.0.0/bin/node /usr/local/bin/yarn add hardhat

PATH: 
  /Users/alirezamac/.nvm/versions/node/v18.0.0/bin:/opt/homebrew/bin:/opt/homebrew/sbin:/usr/local/bin:/System/Cryptexes/App/usr/bin:/usr/bin:/bin:/usr/sbin:/sbin:/Users/alirezamac/.nvm/versions/node/v18.0.0/bin:/opt/homebrew/bin:/opt/homebrew/sbin:/Users/alirezamac/.cargo/bin:/opt/homebrew/bin/:/opt/homebrew/bin/

Yarn version: 
  1.22.19

Node version: 
  18.0.0

Platform: 
  darwin arm64

Trace: 
  Error: https://registry.yarnpkg.com/hardhat: ESOCKETTIMEDOUT
      at ClientRequest.<anonymous> (/usr/local/lib/node_modules/yarn/lib/cli.js:141517:19)
      at Object.onceWrapper (node:events:641:28)
      at ClientRequest.emit (node:events:527:28)
      at TLSSocket.emitRequestTimeout (node:_http_client:770:9)
      at Object.onceWrapper (node:events:641:28)
      at TLSSocket.emit (node:events:539:35)
      at Socket._onTimeout (node:net:522:8)
      at listOnTimeout (node:internal/timers:564:17)
      at process.processTimers (node:internal/timers:507:7)

npm manifest: 
  No manifest

yarn manifest: 
  No manifest

Lockfile: 
  # THIS IS AN AUTOGENERATED FILE. DO NOT EDIT THIS FILE DIRECTLY.
  # yarn lockfile v1
